Namespace(config='configs/dcgan_run0.yaml')

------ Parameters ------

exp_name : run0
cuda : True
ngpu : 1
gpu_device : 0
workers : 2
dir_image : /home/hhg/Research/galaxyClassify/catalog/galaxyZoo_kaggle/gz2_images/images
file_csv : /home/hhg/Research/galaxyClassify/catalog/galaxyZoo/zoo2/gz2_all_v2.csv
label_tag : label_8
num_classes : 8
class_weights : [1.0, 1.0, 1.0, 1.0, 1.0, 1.0, 1.0, 1.0]
seed : 3
norm_mean : [0.094, 0.0815, 0.063]
norm_std : [0.1303, 0.11, 0.0913]
crop_size : 224
input_size : 64
n_channel : 3
n_zlatent : 50
n_filter_G : 64
n_filter_D : 64
num_epochs : 100
batch_size : 64
lr_G : 0.001
lr_D : 0.001
beta1 : 0.5
beta2 : 0.999
step_size_G : 5
step_size_D : 5
gamma_G : 0.1
gamma_D : 0.1
dir_output : /home/hhg/Research/galaxyClassify/repo/GalaxyZooGenerator/experiments
nrow : 8
dpi : 100
freq_img : 10

------ Prepare Data ------

Number of training galaxies: 155951 (2437 batches)

------ Build Model ------

Number of trainable parameters
Generator  : 3167104
Discriminator  : 3167104

------ Create experiment directory ------

Training information will be stored at :
 	 /home/hhg/Research/galaxyClassify/repo/GalaxyZooGenerator/experiments/run0

[1/100 epoch] [1 iter]	 loss_D: 0.951 	 loss_G: 24.572	 D(x):0.733 	 D(G(z)): 0.403 / 0.000
[1/100 epoch] [501 iter]	 loss_D: 1.448 	 loss_G: 0.940	 D(x):0.441 	 D(G(z)): 0.396 / 0.407
[1/100 epoch] [1001 iter]	 loss_D: 1.467 	 loss_G: 0.766	 D(x):0.438 	 D(G(z)): 0.438 / 0.479
[1/100 epoch] [1501 iter]	 loss_D: 1.129 	 loss_G: 1.477	 D(x):0.608 	 D(G(z)): 0.439 / 0.244
[1/100 epoch] [2001 iter]	 loss_D: 1.340 	 loss_G: 1.501	 D(x):0.623 	 D(G(z)): 0.560 / 0.234
	Training at epoch-0 | avg. netD loss: 1.504 | avg. netG loss 1.440
	Run time per epoch: 2m 54s
[2/100 epoch] [2438 iter]	 loss_D: 1.436 	 loss_G: 1.197	 D(x):0.708 	 D(G(z)): 0.621 / 0.346
[2/100 epoch] [2938 iter]	 loss_D: 1.687 	 loss_G: 1.066	 D(x):0.393 	 D(G(z)): 0.434 / 0.464
[2/100 epoch] [3438 iter]	 loss_D: 1.058 	 loss_G: 1.382	 D(x):0.633 	 D(G(z)): 0.400 / 0.278
[2/100 epoch] [3938 iter]	 loss_D: 1.166 	 loss_G: 0.812	 D(x):0.544 	 D(G(z)): 0.405 / 0.449
[2/100 epoch] [4438 iter]	 loss_D: 1.258 	 loss_G: 0.815	 D(x):0.490 	 D(G(z)): 0.379 / 0.474
	Training at epoch-1 | avg. netD loss: 1.348 | avg. netG loss 1.247
	Run time per epoch: 2m 51s
[3/100 epoch] [4875 iter]	 loss_D: 1.122 	 loss_G: 1.451	 D(x):0.571 	 D(G(z)): 0.393 / 0.252
[3/100 epoch] [5375 iter]	 loss_D: 1.432 	 loss_G: 0.716	 D(x):0.346 	 D(G(z)): 0.275 / 0.499
[3/100 epoch] [5875 iter]	 loss_D: 1.299 	 loss_G: 1.178	 D(x):0.625 	 D(G(z)): 0.549 / 0.316
[3/100 epoch] [6375 iter]	 loss_D: 1.268 	 loss_G: 1.023	 D(x):0.539 	 D(G(z)): 0.456 / 0.370
[3/100 epoch] [6875 iter]	 loss_D: 1.288 	 loss_G: 1.043	 D(x):0.576 	 D(G(z)): 0.507 / 0.364
	Training at epoch-2 | avg. netD loss: 1.353 | avg. netG loss 1.070
	Run time per epoch: 2m 51s
[4/100 epoch] [7312 iter]	 loss_D: 1.365 	 loss_G: 0.886	 D(x):0.421 	 D(G(z)): 0.374 / 0.421
[4/100 epoch] [7812 iter]	 loss_D: 1.115 	 loss_G: 1.386	 D(x):0.622 	 D(G(z)): 0.451 / 0.263
[4/100 epoch] [8312 iter]	 loss_D: 1.283 	 loss_G: 0.944	 D(x):0.597 	 D(G(z)): 0.524 / 0.400
[4/100 epoch] [8812 iter]	 loss_D: 1.345 	 loss_G: 1.018	 D(x):0.493 	 D(G(z)): 0.463 / 0.365
[4/100 epoch] [9312 iter]	 loss_D: 1.485 	 loss_G: 1.004	 D(x):0.568 	 D(G(z)): 0.587 / 0.377
	Training at epoch-3 | avg. netD loss: 1.374 | avg. netG loss 0.914
	Run time per epoch: 2m 51s
[5/100 epoch] [9749 iter]	 loss_D: 1.364 	 loss_G: 1.060	 D(x):0.519 	 D(G(z)): 0.495 / 0.357
[5/100 epoch] [10249 iter]	 loss_D: 1.313 	 loss_G: 0.771	 D(x):0.575 	 D(G(z)): 0.520 / 0.470
[5/100 epoch] [10749 iter]	 loss_D: 1.360 	 loss_G: 0.949	 D(x):0.486 	 D(G(z)): 0.465 / 0.392
[5/100 epoch] [11249 iter]	 loss_D: 1.321 	 loss_G: 1.320	 D(x):0.670 	 D(G(z)): 0.583 / 0.279
[5/100 epoch] [11749 iter]	 loss_D: 1.372 	 loss_G: 0.819	 D(x):0.576 	 D(G(z)): 0.556 / 0.449
	Training at epoch-4 | avg. netD loss: 1.378 | avg. netG loss 0.867
	Run time per epoch: 2m 51s
[6/100 epoch] [12186 iter]	 loss_D: 1.377 	 loss_G: 0.881	 D(x):0.431 	 D(G(z)): 0.406 / 0.417
[6/100 epoch] [12686 iter]	 loss_D: 1.345 	 loss_G: 0.734	 D(x):0.519 	 D(G(z)): 0.495 / 0.481
[6/100 epoch] [13186 iter]	 loss_D: 1.240 	 loss_G: 0.867	 D(x):0.554 	 D(G(z)): 0.463 / 0.427
[6/100 epoch] [13686 iter]	 loss_D: 1.215 	 loss_G: 1.017	 D(x):0.529 	 D(G(z)): 0.411 / 0.373
[6/100 epoch] [14186 iter]	 loss_D: 1.067 	 loss_G: 1.216	 D(x):0.605 	 D(G(z)): 0.376 / 0.321
	Training at epoch-5 | avg. netD loss: 1.209 | avg. netG loss 0.933
	Run time per epoch: 2m 50s
[7/100 epoch] [14623 iter]	 loss_D: 1.081 	 loss_G: 1.106	 D(x):0.562 	 D(G(z)): 0.317 / 0.361
[7/100 epoch] [15123 iter]	 loss_D: 1.235 	 loss_G: 1.056	 D(x):0.392 	 D(G(z)): 0.160 / 0.383
[7/100 epoch] [15623 iter]	 loss_D: 1.003 	 loss_G: 1.069	 D(x):0.540 	 D(G(z)): 0.278 / 0.377
[7/100 epoch] [16123 iter]	 loss_D: 0.941 	 loss_G: 1.596	 D(x):0.768 	 D(G(z)): 0.464 / 0.231
[7/100 epoch] [16623 iter]	 loss_D: 0.872 	 loss_G: 1.316	 D(x):0.591 	 D(G(z)): 0.234 / 0.297
	Training at epoch-6 | avg. netD loss: 0.927 | avg. netG loss 1.338
	Run time per epoch: 2m 50s
[8/100 epoch] [17060 iter]	 loss_D: 0.788 	 loss_G: 1.313	 D(x):0.711 	 D(G(z)): 0.335 / 0.298
[8/100 epoch] [17560 iter]	 loss_D: 1.025 	 loss_G: 1.363	 D(x):0.581 	 D(G(z)): 0.331 / 0.302
[8/100 epoch] [18060 iter]	 loss_D: 1.053 	 loss_G: 1.614	 D(x):0.746 	 D(G(z)): 0.486 / 0.237
[8/100 epoch] [18560 iter]	 loss_D: 0.653 	 loss_G: 1.766	 D(x):0.715 	 D(G(z)): 0.243 / 0.196
[8/100 epoch] [19060 iter]	 loss_D: 0.919 	 loss_G: 1.523	 D(x):0.619 	 D(G(z)): 0.305 / 0.257
	Training at epoch-7 | avg. netD loss: 0.893 | avg. netG loss 1.391
	Run time per epoch: 2m 50s
[9/100 epoch] [19497 iter]	 loss_D: 0.458 	 loss_G: 2.201	 D(x):0.853 	 D(G(z)): 0.245 / 0.127
[9/100 epoch] [19997 iter]	 loss_D: 0.696 	 loss_G: 1.570	 D(x):0.708 	 D(G(z)): 0.268 / 0.241
[9/100 epoch] [20497 iter]	 loss_D: 1.165 	 loss_G: 0.833	 D(x):0.447 	 D(G(z)): 0.216 / 0.469
[9/100 epoch] [20997 iter]	 loss_D: 1.057 	 loss_G: 1.113	 D(x):0.601 	 D(G(z)): 0.373 / 0.360
[9/100 epoch] [21497 iter]	 loss_D: 0.976 	 loss_G: 1.481	 D(x):0.673 	 D(G(z)): 0.396 / 0.263
	Training at epoch-8 | avg. netD loss: 0.894 | avg. netG loss 1.421
	Run time per epoch: 2m 50s
[10/100 epoch] [21934 iter]	 loss_D: 1.086 	 loss_G: 1.112	 D(x):0.484 	 D(G(z)): 0.218 / 0.353
[10/100 epoch] [22434 iter]	 loss_D: 0.915 	 loss_G: 1.160	 D(x):0.640 	 D(G(z)): 0.339 / 0.331
[10/100 epoch] [22934 iter]	 loss_D: 0.754 	 loss_G: 1.439	 D(x):0.683 	 D(G(z)): 0.283 / 0.270
[10/100 epoch] [23434 iter]	 loss_D: 1.079 	 loss_G: 1.181	 D(x):0.712 	 D(G(z)): 0.477 / 0.349
[10/100 epoch] [23934 iter]	 loss_D: 0.804 	 loss_G: 1.240	 D(x):0.727 	 D(G(z)): 0.346 / 0.318
	Training at epoch-9 | avg. netD loss: 0.913 | avg. netG loss 1.416
	Run time per epoch: 2m 49s
[11/100 epoch] [24371 iter]	 loss_D: 1.012 	 loss_G: 1.031	 D(x):0.651 	 D(G(z)): 0.400 / 0.386
[11/100 epoch] [24871 iter]	 loss_D: 0.407 	 loss_G: 1.521	 D(x):0.927 	 D(G(z)): 0.269 / 0.238
[11/100 epoch] [25371 iter]	 loss_D: 0.983 	 loss_G: 1.044	 D(x):0.661 	 D(G(z)): 0.395 / 0.381
[11/100 epoch] [25871 iter]	 loss_D: 0.965 	 loss_G: 1.433	 D(x):0.548 	 D(G(z)): 0.242 / 0.271
[11/100 epoch] [26371 iter]	 loss_D: 0.663 	 loss_G: 1.674	 D(x):0.672 	 D(G(z)): 0.207 / 0.213
	Training at epoch-10 | avg. netD loss: 0.795 | avg. netG loss 1.323
	Run time per epoch: 2m 49s
[12/100 epoch] [26808 iter]	 loss_D: 0.574 	 loss_G: 1.629	 D(x):0.763 	 D(G(z)): 0.234 / 0.229
[12/100 epoch] [27308 iter]	 loss_D: 0.643 	 loss_G: 1.276	 D(x):0.849 	 D(G(z)): 0.354 / 0.319
[12/100 epoch] [27808 iter]	 loss_D: 0.432 	 loss_G: 1.388	 D(x):0.974 	 D(G(z)): 0.322 / 0.271
[12/100 epoch] [28308 iter]	 loss_D: 0.563 	 loss_G: 1.519	 D(x):0.818 	 D(G(z)): 0.278 / 0.260
[12/100 epoch] [28808 iter]	 loss_D: 0.982 	 loss_G: 1.445	 D(x):0.558 	 D(G(z)): 0.258 / 0.262
	Training at epoch-11 | avg. netD loss: 0.755 | avg. netG loss 1.367
	Run time per epoch: 2m 49s
[13/100 epoch] [29245 iter]	 loss_D: 1.050 	 loss_G: 1.135	 D(x):0.577 	 D(G(z)): 0.355 / 0.360
[13/100 epoch] [29745 iter]	 loss_D: 0.813 	 loss_G: 1.291	 D(x):0.688 	 D(G(z)): 0.307 / 0.305
[13/100 epoch] [30245 iter]	 loss_D: 0.507 	 loss_G: 1.328	 D(x):0.936 	 D(G(z)): 0.341 / 0.292
[13/100 epoch] [30745 iter]	 loss_D: 0.734 	 loss_G: 1.329	 D(x):0.702 	 D(G(z)): 0.286 / 0.295
[13/100 epoch] [31245 iter]	 loss_D: 0.808 	 loss_G: 1.527	 D(x):0.632 	 D(G(z)): 0.256 / 0.257
	Training at epoch-12 | avg. netD loss: 0.740 | avg. netG loss 1.388
	Run time per epoch: 2m 48s
[14/100 epoch] [31682 iter]	 loss_D: 0.603 	 loss_G: 1.546	 D(x):0.732 	 D(G(z)): 0.233 / 0.243
[14/100 epoch] [32182 iter]	 loss_D: 0.658 	 loss_G: 1.194	 D(x):0.860 	 D(G(z)): 0.376 / 0.350
[14/100 epoch] [32682 iter]	 loss_D: 0.756 	 loss_G: 1.336	 D(x):0.678 	 D(G(z)): 0.283 / 0.283
[14/100 epoch] [33182 iter]	 loss_D: 0.683 	 loss_G: 1.484	 D(x):0.733 	 D(G(z)): 0.276 / 0.272
[14/100 epoch] [33682 iter]	 loss_D: 0.883 	 loss_G: 1.323	 D(x):0.619 	 D(G(z)): 0.295 / 0.294
	Training at epoch-13 | avg. netD loss: 0.720 | avg. netG loss 1.419
	Run time per epoch: 2m 49s
[15/100 epoch] [34119 iter]	 loss_D: 0.605 	 loss_G: 1.508	 D(x):0.767 	 D(G(z)): 0.267 / 0.254
[15/100 epoch] [34619 iter]	 loss_D: 0.990 	 loss_G: 1.225	 D(x):0.556 	 D(G(z)): 0.278 / 0.313
[15/100 epoch] [35119 iter]	 loss_D: 0.781 	 loss_G: 1.437	 D(x):0.652 	 D(G(z)): 0.258 / 0.273
[15/100 epoch] [35619 iter]	 loss_D: 0.702 	 loss_G: 1.599	 D(x):0.673 	 D(G(z)): 0.227 / 0.232
[15/100 epoch] [36119 iter]	 loss_D: 0.746 	 loss_G: 1.390	 D(x):0.655 	 D(G(z)): 0.250 / 0.276
	Training at epoch-14 | avg. netD loss: 0.721 | avg. netG loss 1.427
	Run time per epoch: 2m 49s
[16/100 epoch] [36556 iter]	 loss_D: 0.584 	 loss_G: 1.644	 D(x):0.756 	 D(G(z)): 0.225 / 0.223
[16/100 epoch] [37056 iter]	 loss_D: 0.898 	 loss_G: 1.314	 D(x):0.610 	 D(G(z)): 0.298 / 0.298
[16/100 epoch] [37556 iter]	 loss_D: 0.774 	 loss_G: 1.485	 D(x):0.677 	 D(G(z)): 0.275 / 0.276
[16/100 epoch] [38056 iter]	 loss_D: 0.694 	 loss_G: 1.326	 D(x):0.745 	 D(G(z)): 0.297 / 0.297
[16/100 epoch] [38556 iter]	 loss_D: 0.640 	 loss_G: 1.449	 D(x):0.753 	 D(G(z)): 0.275 / 0.273
	Training at epoch-15 | avg. netD loss: 0.708 | avg. netG loss 1.422
	Run time per epoch: 2m 49s
[17/100 epoch] [38993 iter]	 loss_D: 0.812 	 loss_G: 1.536	 D(x):0.607 	 D(G(z)): 0.235 / 0.238
[17/100 epoch] [39493 iter]	 loss_D: 0.805 	 loss_G: 1.468	 D(x):0.642 	 D(G(z)): 0.261 / 0.262
[17/100 epoch] [39993 iter]	 loss_D: 0.674 	 loss_G: 1.395	 D(x):0.735 	 D(G(z)): 0.281 / 0.280
[17/100 epoch] [40493 iter]	 loss_D: 0.701 	 loss_G: 1.470	 D(x):0.704 	 D(G(z)): 0.259 / 0.257
[17/100 epoch] [40993 iter]	 loss_D: 0.566 	 loss_G: 1.772	 D(x):0.721 	 D(G(z)): 0.191 / 0.191
	Training at epoch-16 | avg. netD loss: 0.708 | avg. netG loss 1.420
	Run time per epoch: 2m 49s
[18/100 epoch] [41430 iter]	 loss_D: 0.559 	 loss_G: 1.570	 D(x):0.791 	 D(G(z)): 0.244 / 0.242
[18/100 epoch] [41930 iter]	 loss_D: 0.895 	 loss_G: 1.303	 D(x):0.612 	 D(G(z)): 0.292 / 0.293
[18/100 epoch] [42430 iter]	 loss_D: 0.806 	 loss_G: 1.311	 D(x):0.670 	 D(G(z)): 0.297 / 0.297
[18/100 epoch] [42930 iter]	 loss_D: 0.628 	 loss_G: 1.526	 D(x):0.741 	 D(G(z)): 0.254 / 0.254
[18/100 epoch] [43430 iter]	 loss_D: 0.788 	 loss_G: 1.528	 D(x):0.631 	 D(G(z)): 0.243 / 0.245
	Training at epoch-17 | avg. netD loss: 0.703 | avg. netG loss 1.429
	Run time per epoch: 2m 49s
[19/100 epoch] [43867 iter]	 loss_D: 0.500 	 loss_G: 1.537	 D(x):0.819 	 D(G(z)): 0.243 / 0.242
[19/100 epoch] [44367 iter]	 loss_D: 0.734 	 loss_G: 1.387	 D(x):0.711 	 D(G(z)): 0.289 / 0.288
[19/100 epoch] [44867 iter]	 loss_D: 0.675 	 loss_G: 1.459	 D(x):0.726 	 D(G(z)): 0.268 / 0.266
[19/100 epoch] [45367 iter]	 loss_D: 0.740 	 loss_G: 1.397	 D(x):0.706 	 D(G(z)): 0.288 / 0.287
[19/100 epoch] [45867 iter]	 loss_D: 0.425 	 loss_G: 1.681	 D(x):0.857 	 D(G(z)): 0.220 / 0.219
	Training at epoch-18 | avg. netD loss: 0.703 | avg. netG loss 1.427
	Run time per epoch: 2m 50s
[20/100 epoch] [46304 iter]	 loss_D: 0.582 	 loss_G: 1.551	 D(x):0.759 	 D(G(z)): 0.243 / 0.243
[20/100 epoch] [46804 iter]	 loss_D: 0.670 	 loss_G: 1.282	 D(x):0.776 	 D(G(z)): 0.315 / 0.313
[20/100 epoch] [47304 iter]	 loss_D: 0.672 	 loss_G: 1.580	 D(x):0.697 	 D(G(z)): 0.235 / 0.236
[20/100 epoch] [47804 iter]	 loss_D: 0.957 	 loss_G: 1.366	 D(x):0.607 	 D(G(z)): 0.308 / 0.310
[20/100 epoch] [48304 iter]	 loss_D: 0.743 	 loss_G: 1.429	 D(x):0.686 	 D(G(z)): 0.273 / 0.274
	Training at epoch-19 | avg. netD loss: 0.701 | avg. netG loss 1.433
	Run time per epoch: 2m 48s
[21/100 epoch] [48741 iter]	 loss_D: 0.569 	 loss_G: 1.654	 D(x):0.744 	 D(G(z)): 0.215 / 0.216
[21/100 epoch] [49241 iter]	 loss_D: 0.636 	 loss_G: 1.452	 D(x):0.745 	 D(G(z)): 0.268 / 0.268
[21/100 epoch] [49741 iter]	 loss_D: 0.751 	 loss_G: 1.382	 D(x):0.689 	 D(G(z)): 0.285 / 0.285
[21/100 epoch] [50241 iter]	 loss_D: 0.417 	 loss_G: 1.436	 D(x):0.919 	 D(G(z)): 0.270 / 0.270
[21/100 epoch] [50741 iter]	 loss_D: 0.675 	 loss_G: 1.413	 D(x):0.727 	 D(G(z)): 0.271 / 0.271
	Training at epoch-20 | avg. netD loss: 0.700 | avg. netG loss 1.432
	Run time per epoch: 2m 48s
[22/100 epoch] [51178 iter]	 loss_D: 0.836 	 loss_G: 1.313	 D(x):0.650 	 D(G(z)): 0.301 / 0.301
[22/100 epoch] [51678 iter]	 loss_D: 0.792 	 loss_G: 1.371	 D(x):0.674 	 D(G(z)): 0.283 / 0.283
[22/100 epoch] [52178 iter]	 loss_D: 0.662 	 loss_G: 1.626	 D(x):0.691 	 D(G(z)): 0.225 / 0.225
[22/100 epoch] [52678 iter]	 loss_D: 0.718 	 loss_G: 1.363	 D(x):0.716 	 D(G(z)): 0.289 / 0.289
[22/100 epoch] [53178 iter]	 loss_D: 0.909 	 loss_G: 1.389	 D(x):0.612 	 D(G(z)): 0.296 / 0.297
	Training at epoch-21 | avg. netD loss: 0.705 | avg. netG loss 1.427
	Run time per epoch: 2m 49s
[23/100 epoch] [53615 iter]	 loss_D: 0.722 	 loss_G: 1.412	 D(x):0.708 	 D(G(z)): 0.285 / 0.285
[23/100 epoch] [54115 iter]	 loss_D: 0.443 	 loss_G: 1.473	 D(x):0.889 	 D(G(z)): 0.259 / 0.259
[23/100 epoch] [54615 iter]	 loss_D: 0.925 	 loss_G: 1.267	 D(x):0.650 	 D(G(z)): 0.315 / 0.314
[23/100 epoch] [55115 iter]	 loss_D: 0.778 	 loss_G: 1.228	 D(x):0.726 	 D(G(z)): 0.330 / 0.330
[23/100 epoch] [55615 iter]	 loss_D: 0.777 	 loss_G: 1.620	 D(x):0.633 	 D(G(z)): 0.229 / 0.229
	Training at epoch-22 | avg. netD loss: 0.701 | avg. netG loss 1.430
	Run time per epoch: 2m 49s
[24/100 epoch] [56052 iter]	 loss_D: 0.632 	 loss_G: 1.553	 D(x):0.733 	 D(G(z)): 0.243 / 0.243
[24/100 epoch] [56552 iter]	 loss_D: 0.882 	 loss_G: 1.417	 D(x):0.617 	 D(G(z)): 0.283 / 0.283
[24/100 epoch] [57052 iter]	 loss_D: 0.684 	 loss_G: 1.619	 D(x):0.665 	 D(G(z)): 0.218 / 0.218
[24/100 epoch] [57552 iter]	 loss_D: 0.734 	 loss_G: 1.519	 D(x):0.662 	 D(G(z)): 0.244 / 0.245
[24/100 epoch] [58052 iter]	 loss_D: 0.702 	 loss_G: 1.262	 D(x):0.752 	 D(G(z)): 0.312 / 0.312
	Training at epoch-23 | avg. netD loss: 0.699 | avg. netG loss 1.432
	Run time per epoch: 2m 49s
[25/100 epoch] [58489 iter]	 loss_D: 0.863 	 loss_G: 1.310	 D(x):0.637 	 D(G(z)): 0.304 / 0.304
[25/100 epoch] [58989 iter]	 loss_D: 0.538 	 loss_G: 1.471	 D(x):0.812 	 D(G(z)): 0.260 / 0.260
[25/100 epoch] [59489 iter]	 loss_D: 0.651 	 loss_G: 1.286	 D(x):0.786 	 D(G(z)): 0.311 / 0.310
[25/100 epoch] [59989 iter]	 loss_D: 0.659 	 loss_G: 1.353	 D(x):0.772 	 D(G(z)): 0.303 / 0.303
[25/100 epoch] [60489 iter]	 loss_D: 0.833 	 loss_G: 1.389	 D(x):0.640 	 D(G(z)): 0.282 / 0.282
	Training at epoch-24 | avg. netD loss: 0.702 | avg. netG loss 1.426
	Run time per epoch: 2m 48s
[26/100 epoch] [60926 iter]	 loss_D: 0.695 	 loss_G: 1.566	 D(x):0.689 	 D(G(z)): 0.242 / 0.242
[26/100 epoch] [61426 iter]	 loss_D: 0.447 	 loss_G: 1.499	 D(x):0.892 	 D(G(z)): 0.266 / 0.266
[26/100 epoch] [61926 iter]	 loss_D: 0.880 	 loss_G: 1.376	 D(x):0.619 	 D(G(z)): 0.282 / 0.282
[26/100 epoch] [62426 iter]	 loss_D: 0.627 	 loss_G: 1.809	 D(x):0.693 	 D(G(z)): 0.190 / 0.190
[26/100 epoch] [62926 iter]	 loss_D: 0.801 	 loss_G: 1.338	 D(x):0.676 	 D(G(z)): 0.299 / 0.299
	Training at epoch-25 | avg. netD loss: 0.705 | avg. netG loss 1.429
	Run time per epoch: 2m 49s
[27/100 epoch] [63363 iter]	 loss_D: 0.574 	 loss_G: 1.273	 D(x):0.842 	 D(G(z)): 0.308 / 0.308
[27/100 epoch] [63863 iter]	 loss_D: 0.924 	 loss_G: 1.293	 D(x):0.633 	 D(G(z)): 0.320 / 0.320
[27/100 epoch] [64363 iter]	 loss_D: 0.890 	 loss_G: 1.509	 D(x):0.605 	 D(G(z)): 0.260 / 0.260
[27/100 epoch] [64863 iter]	 loss_D: 0.606 	 loss_G: 1.294	 D(x):0.801 	 D(G(z)): 0.300 / 0.300
[27/100 epoch] [65363 iter]	 loss_D: 0.512 	 loss_G: 1.499	 D(x):0.827 	 D(G(z)): 0.258 / 0.258
	Training at epoch-26 | avg. netD loss: 0.704 | avg. netG loss 1.427
	Run time per epoch: 2m 49s
[28/100 epoch] [65800 iter]	 loss_D: 0.710 	 loss_G: 1.394	 D(x):0.702 	 D(G(z)): 0.276 / 0.276
[28/100 epoch] [66300 iter]	 loss_D: 0.809 	 loss_G: 1.173	 D(x):0.713 	 D(G(z)): 0.344 / 0.344
[28/100 epoch] [66800 iter]	 loss_D: 0.626 	 loss_G: 1.942	 D(x):0.680 	 D(G(z)): 0.181 / 0.181
[28/100 epoch] [67300 iter]	 loss_D: 0.855 	 loss_G: 1.401	 D(x):0.634 	 D(G(z)): 0.281 / 0.281
[28/100 epoch] [67800 iter]	 loss_D: 0.784 	 loss_G: 1.574	 D(x):0.638 	 D(G(z)): 0.238 / 0.238
	Training at epoch-27 | avg. netD loss: 0.702 | avg. netG loss 1.427
	Run time per epoch: 2m 48s
[29/100 epoch] [68237 iter]	 loss_D: 0.776 	 loss_G: 1.393	 D(x):0.676 	 D(G(z)): 0.281 / 0.281
[29/100 epoch] [68737 iter]	 loss_D: 0.665 	 loss_G: 1.389	 D(x):0.748 	 D(G(z)): 0.286 / 0.286
[29/100 epoch] [69237 iter]	 loss_D: 0.703 	 loss_G: 1.457	 D(x):0.701 	 D(G(z)): 0.263 / 0.263
[29/100 epoch] [69737 iter]	 loss_D: 0.812 	 loss_G: 1.270	 D(x):0.666 	 D(G(z)): 0.304 / 0.304
[29/100 epoch] [70237 iter]	 loss_D: 0.637 	 loss_G: 1.692	 D(x):0.699 	 D(G(z)): 0.213 / 0.213
	Training at epoch-28 | avg. netD loss: 0.703 | avg. netG loss 1.426
	Run time per epoch: 2m 49s
[30/100 epoch] [70674 iter]	 loss_D: 0.617 	 loss_G: 1.592	 D(x):0.732 	 D(G(z)): 0.238 / 0.238
[30/100 epoch] [71174 iter]	 loss_D: 0.721 	 loss_G: 1.388	 D(x):0.718 	 D(G(z)): 0.289 / 0.289
[30/100 epoch] [71674 iter]	 loss_D: 0.775 	 loss_G: 1.344	 D(x):0.694 	 D(G(z)): 0.299 / 0.299
[30/100 epoch] [72174 iter]	 loss_D: 0.840 	 loss_G: 1.257	 D(x):0.656 	 D(G(z)): 0.316 / 0.316
[30/100 epoch] [72674 iter]	 loss_D: 0.904 	 loss_G: 1.360	 D(x):0.623 	 D(G(z)): 0.295 / 0.295
	Training at epoch-29 | avg. netD loss: 0.702 | avg. netG loss 1.428
	Run time per epoch: 2m 48s
[31/100 epoch] [73111 iter]	 loss_D: 0.538 	 loss_G: 1.531	 D(x):0.797 	 D(G(z)): 0.247 / 0.247
[31/100 epoch] [73611 iter]	 loss_D: 0.706 	 loss_G: 1.505	 D(x):0.690 	 D(G(z)): 0.251 / 0.251
[31/100 epoch] [74111 iter]	 loss_D: 0.779 	 loss_G: 1.522	 D(x):0.639 	 D(G(z)): 0.247 / 0.247
[31/100 epoch] [74611 iter]	 loss_D: 0.766 	 loss_G: 1.377	 D(x):0.689 	 D(G(z)): 0.290 / 0.290
[31/100 epoch] [75111 iter]	 loss_D: 0.473 	 loss_G: 1.574	 D(x):0.825 	 D(G(z)): 0.231 / 0.231
	Training at epoch-30 | avg. netD loss: 0.703 | avg. netG loss 1.429
	Run time per epoch: 2m 49s
[32/100 epoch] [75548 iter]	 loss_D: 0.566 	 loss_G: 1.637	 D(x):0.761 	 D(G(z)): 0.229 / 0.229
[32/100 epoch] [76048 iter]	 loss_D: 0.878 	 loss_G: 1.223	 D(x):0.662 	 D(G(z)): 0.329 / 0.329
[32/100 epoch] [76548 iter]	 loss_D: 0.576 	 loss_G: 1.372	 D(x):0.826 	 D(G(z)): 0.293 / 0.293
[32/100 epoch] [77048 iter]	 loss_D: 0.590 	 loss_G: 1.292	 D(x):0.849 	 D(G(z)): 0.331 / 0.331
[32/100 epoch] [77548 iter]	 loss_D: 0.525 	 loss_G: 1.507	 D(x):0.827 	 D(G(z)): 0.264 / 0.264
	Training at epoch-31 | avg. netD loss: 0.704 | avg. netG loss 1.427
	Run time per epoch: 2m 49s
[33/100 epoch] [77985 iter]	 loss_D: 0.838 	 loss_G: 1.340	 D(x):0.666 	 D(G(z)): 0.300 / 0.300
[33/100 epoch] [78485 iter]	 loss_D: 0.791 	 loss_G: 1.333	 D(x):0.663 	 D(G(z)): 0.289 / 0.289
[33/100 epoch] [78985 iter]	 loss_D: 0.589 	 loss_G: 1.543	 D(x):0.750 	 D(G(z)): 0.239 / 0.239
[33/100 epoch] [79485 iter]	 loss_D: 0.717 	 loss_G: 1.438	 D(x):0.703 	 D(G(z)): 0.273 / 0.273
[33/100 epoch] [79985 iter]	 loss_D: 0.778 	 loss_G: 1.590	 D(x):0.635 	 D(G(z)): 0.239 / 0.239
	Training at epoch-32 | avg. netD loss: 0.702 | avg. netG loss 1.433
	Run time per epoch: 2m 48s
[34/100 epoch] [80422 iter]	 loss_D: 0.712 	 loss_G: 1.307	 D(x):0.730 	 D(G(z)): 0.303 / 0.303
[34/100 epoch] [80922 iter]	 loss_D: 0.711 	 loss_G: 1.582	 D(x):0.661 	 D(G(z)): 0.228 / 0.228
[34/100 epoch] [81422 iter]	 loss_D: 0.743 	 loss_G: 1.482	 D(x):0.682 	 D(G(z)): 0.262 / 0.262
[34/100 epoch] [81922 iter]	 loss_D: 0.656 	 loss_G: 1.636	 D(x):0.703 	 D(G(z)): 0.233 / 0.233
[34/100 epoch] [82422 iter]	 loss_D: 0.828 	 loss_G: 1.269	 D(x):0.673 	 D(G(z)): 0.314 / 0.314
	Training at epoch-33 | avg. netD loss: 0.702 | avg. netG loss 1.433
	Run time per epoch: 2m 48s
[35/100 epoch] [82859 iter]	 loss_D: 0.617 	 loss_G: 1.451	 D(x):0.783 	 D(G(z)): 0.273 / 0.273
[35/100 epoch] [83359 iter]	 loss_D: 0.637 	 loss_G: 1.552	 D(x):0.723 	 D(G(z)): 0.246 / 0.246
[35/100 epoch] [83859 iter]	 loss_D: 0.308 	 loss_G: 1.504	 D(x):0.984 	 D(G(z)): 0.244 / 0.244
[35/100 epoch] [84359 iter]	 loss_D: 0.658 	 loss_G: 1.358	 D(x):0.750 	 D(G(z)): 0.284 / 0.284
[35/100 epoch] [84859 iter]	 loss_D: 0.707 	 loss_G: 1.381	 D(x):0.724 	 D(G(z)): 0.291 / 0.291
	Training at epoch-34 | avg. netD loss: 0.702 | avg. netG loss 1.431
	Run time per epoch: 2m 49s
[36/100 epoch] [85296 iter]	 loss_D: 0.687 	 loss_G: 1.604	 D(x):0.680 	 D(G(z)): 0.232 / 0.232
[36/100 epoch] [85796 iter]	 loss_D: 0.694 	 loss_G: 1.500	 D(x):0.694 	 D(G(z)): 0.254 / 0.254
[36/100 epoch] [86296 iter]	 loss_D: 1.161 	 loss_G: 0.857	 D(x):0.638 	 D(G(z)): 0.456 / 0.456
[36/100 epoch] [86796 iter]	 loss_D: 0.716 	 loss_G: 1.570	 D(x):0.674 	 D(G(z)): 0.238 / 0.238
[36/100 epoch] [87296 iter]	 loss_D: 0.779 	 loss_G: 1.408	 D(x):0.654 	 D(G(z)): 0.270 / 0.270
	Training at epoch-35 | avg. netD loss: 0.702 | avg. netG loss 1.434
	Run time per epoch: 2m 48s
[37/100 epoch] [87733 iter]	 loss_D: 0.683 	 loss_G: 1.560	 D(x):0.688 	 D(G(z)): 0.236 / 0.236
[37/100 epoch] [88233 iter]	 loss_D: 0.764 	 loss_G: 1.442	 D(x):0.665 	 D(G(z)): 0.272 / 0.272
[37/100 epoch] [88733 iter]	 loss_D: 0.653 	 loss_G: 1.845	 D(x):0.682 	 D(G(z)): 0.194 / 0.194
[37/100 epoch] [89233 iter]	 loss_D: 0.693 	 loss_G: 1.522	 D(x):0.696 	 D(G(z)): 0.253 / 0.253
[37/100 epoch] [89733 iter]	 loss_D: 0.544 	 loss_G: 1.650	 D(x):0.769 	 D(G(z)): 0.225 / 0.225
	Training at epoch-36 | avg. netD loss: 0.702 | avg. netG loss 1.432
	Run time per epoch: 2m 48s
[38/100 epoch] [90170 iter]	 loss_D: 0.571 	 loss_G: 1.567	 D(x):0.771 	 D(G(z)): 0.240 / 0.240
[38/100 epoch] [90670 iter]	 loss_D: 0.576 	 loss_G: 1.529	 D(x):0.771 	 D(G(z)): 0.249 / 0.249
[38/100 epoch] [91170 iter]	 loss_D: 0.655 	 loss_G: 1.448	 D(x):0.732 	 D(G(z)): 0.262 / 0.262
[38/100 epoch] [91670 iter]	 loss_D: 0.911 	 loss_G: 1.363	 D(x):0.613 	 D(G(z)): 0.295 / 0.295
[38/100 epoch] [92170 iter]	 loss_D: 0.788 	 loss_G: 1.296	 D(x):0.686 	 D(G(z)): 0.307 / 0.307
	Training at epoch-37 | avg. netD loss: 0.698 | avg. netG loss 1.432
	Run time per epoch: 2m 49s
[39/100 epoch] [92607 iter]	 loss_D: 0.783 	 loss_G: 1.431	 D(x):0.671 	 D(G(z)): 0.276 / 0.276
[39/100 epoch] [93107 iter]	 loss_D: 0.749 	 loss_G: 1.390	 D(x):0.700 	 D(G(z)): 0.286 / 0.286
[39/100 epoch] [93607 iter]	 loss_D: 0.330 	 loss_G: 1.522	 D(x):0.965 	 D(G(z)): 0.245 / 0.245
[39/100 epoch] [94107 iter]	 loss_D: 0.515 	 loss_G: 1.602	 D(x):0.819 	 D(G(z)): 0.248 / 0.248
[39/100 epoch] [94607 iter]	 loss_D: 0.567 	 loss_G: 1.496	 D(x):0.799 	 D(G(z)): 0.261 / 0.261
	Training at epoch-38 | avg. netD loss: 0.702 | avg. netG loss 1.434
	Run time per epoch: 2m 49s
[40/100 epoch] [95044 iter]	 loss_D: 0.953 	 loss_G: 1.235	 D(x):0.626 	 D(G(z)): 0.330 / 0.330
[40/100 epoch] [95544 iter]	 loss_D: 0.769 	 loss_G: 1.542	 D(x):0.656 	 D(G(z)): 0.249 / 0.249
[40/100 epoch] [96044 iter]	 loss_D: 0.438 	 loss_G: 1.552	 D(x):0.883 	 D(G(z)): 0.249 / 0.249
[40/100 epoch] [96544 iter]	 loss_D: 0.810 	 loss_G: 1.344	 D(x):0.655 	 D(G(z)): 0.288 / 0.288
[40/100 epoch] [97044 iter]	 loss_D: 0.807 	 loss_G: 1.463	 D(x):0.650 	 D(G(z)): 0.278 / 0.278
	Training at epoch-39 | avg. netD loss: 0.700 | avg. netG loss 1.432
	Run time per epoch: 2m 49s
[41/100 epoch] [97481 iter]	 loss_D: 0.626 	 loss_G: 1.471	 D(x):0.766 	 D(G(z)): 0.273 / 0.273
[41/100 epoch] [97981 iter]	 loss_D: 0.805 	 loss_G: 1.250	 D(x):0.716 	 D(G(z)): 0.332 / 0.332
[41/100 epoch] [98481 iter]	 loss_D: 0.749 	 loss_G: 1.376	 D(x):0.705 	 D(G(z)): 0.295 / 0.295
[41/100 epoch] [98981 iter]	 loss_D: 0.790 	 loss_G: 1.495	 D(x):0.658 	 D(G(z)): 0.263 / 0.263
[41/100 epoch] [99481 iter]	 loss_D: 0.613 	 loss_G: 1.589	 D(x):0.733 	 D(G(z)): 0.232 / 0.232
	Training at epoch-40 | avg. netD loss: 0.699 | avg. netG loss 1.434
	Run time per epoch: 2m 49s
[42/100 epoch] [99918 iter]	 loss_D: 0.921 	 loss_G: 1.394	 D(x):0.595 	 D(G(z)): 0.291 / 0.291
[42/100 epoch] [100418 iter]	 loss_D: 0.809 	 loss_G: 1.383	 D(x):0.653 	 D(G(z)): 0.282 / 0.282
[42/100 epoch] [100918 iter]	 loss_D: 0.583 	 loss_G: 1.482	 D(x):0.791 	 D(G(z)): 0.259 / 0.259
[42/100 epoch] [101418 iter]	 loss_D: 0.825 	 loss_G: 1.427	 D(x):0.643 	 D(G(z)): 0.279 / 0.279
[42/100 epoch] [101918 iter]	 loss_D: 0.714 	 loss_G: 1.528	 D(x):0.705 	 D(G(z)): 0.268 / 0.268
	Training at epoch-41 | avg. netD loss: 0.703 | avg. netG loss 1.430
	Run time per epoch: 2m 48s
[43/100 epoch] [102355 iter]	 loss_D: 0.867 	 loss_G: 1.419	 D(x):0.620 	 D(G(z)): 0.277 / 0.277
[43/100 epoch] [102855 iter]	 loss_D: 0.675 	 loss_G: 1.332	 D(x):0.745 	 D(G(z)): 0.293 / 0.293
[43/100 epoch] [103355 iter]	 loss_D: 0.833 	 loss_G: 1.293	 D(x):0.668 	 D(G(z)): 0.311 / 0.311
[43/100 epoch] [103855 iter]	 loss_D: 0.762 	 loss_G: 1.529	 D(x):0.679 	 D(G(z)): 0.264 / 0.264
[43/100 epoch] [104355 iter]	 loss_D: 0.744 	 loss_G: 1.349	 D(x):0.698 	 D(G(z)): 0.291 / 0.291
	Training at epoch-42 | avg. netD loss: 0.700 | avg. netG loss 1.434
	Run time per epoch: 2m 48s
[44/100 epoch] [104792 iter]	 loss_D: 0.757 	 loss_G: 1.409	 D(x):0.700 	 D(G(z)): 0.293 / 0.293
[44/100 epoch] [105292 iter]	 loss_D: 0.845 	 loss_G: 1.430	 D(x):0.633 	 D(G(z)): 0.279 / 0.279
[44/100 epoch] [105792 iter]	 loss_D: 0.591 	 loss_G: 1.467	 D(x):0.763 	 D(G(z)): 0.256 / 0.256
[44/100 epoch] [106292 iter]	 loss_D: 0.571 	 loss_G: 1.343	 D(x):0.850 	 D(G(z)): 0.310 / 0.310
[44/100 epoch] [106792 iter]	 loss_D: 0.685 	 loss_G: 1.398	 D(x):0.717 	 D(G(z)): 0.271 / 0.271
	Training at epoch-43 | avg. netD loss: 0.698 | avg. netG loss 1.436
	Run time per epoch: 2m 49s
[45/100 epoch] [107229 iter]	 loss_D: 0.636 	 loss_G: 1.445	 D(x):0.736 	 D(G(z)): 0.259 / 0.259
[45/100 epoch] [107729 iter]	 loss_D: 0.647 	 loss_G: 1.636	 D(x):0.703 	 D(G(z)): 0.233 / 0.233
[45/100 epoch] [108229 iter]	 loss_D: 0.955 	 loss_G: 1.418	 D(x):0.585 	 D(G(z)): 0.281 / 0.281
[45/100 epoch] [108729 iter]	 loss_D: 0.538 	 loss_G: 1.217	 D(x):0.904 	 D(G(z)): 0.332 / 0.332
[45/100 epoch] [109229 iter]	 loss_D: 0.673 	 loss_G: 1.542	 D(x):0.700 	 D(G(z)): 0.243 / 0.243
	Training at epoch-44 | avg. netD loss: 0.702 | avg. netG loss 1.432
	Run time per epoch: 2m 48s
[46/100 epoch] [109666 iter]	 loss_D: 0.698 	 loss_G: 1.437	 D(x):0.727 	 D(G(z)): 0.275 / 0.275
[46/100 epoch] [110166 iter]	 loss_D: 0.628 	 loss_G: 1.473	 D(x):0.744 	 D(G(z)): 0.258 / 0.258
[46/100 epoch] [110666 iter]	 loss_D: 0.589 	 loss_G: 1.600	 D(x):0.761 	 D(G(z)): 0.241 / 0.241
[46/100 epoch] [111166 iter]	 loss_D: 0.887 	 loss_G: 1.162	 D(x):0.684 	 D(G(z)): 0.360 / 0.360
[46/100 epoch] [111666 iter]	 loss_D: 0.618 	 loss_G: 1.735	 D(x):0.700 	 D(G(z)): 0.207 / 0.207
	Training at epoch-45 | avg. netD loss: 0.702 | avg. netG loss 1.431
	Run time per epoch: 2m 48s
[47/100 epoch] [112103 iter]	 loss_D: 0.838 	 loss_G: 1.350	 D(x):0.664 	 D(G(z)): 0.304 / 0.304
[47/100 epoch] [112603 iter]	 loss_D: 0.568 	 loss_G: 1.416	 D(x):0.818 	 D(G(z)): 0.283 / 0.283
[47/100 epoch] [113103 iter]	 loss_D: 0.703 	 loss_G: 1.472	 D(x):0.696 	 D(G(z)): 0.261 / 0.261
[47/100 epoch] [113603 iter]	 loss_D: 0.677 	 loss_G: 1.525	 D(x):0.705 	 D(G(z)): 0.252 / 0.252
[47/100 epoch] [114103 iter]	 loss_D: 0.766 	 loss_G: 1.625	 D(x):0.663 	 D(G(z)): 0.245 / 0.245
	Training at epoch-46 | avg. netD loss: 0.699 | avg. netG loss 1.432
	Run time per epoch: 2m 48s
[48/100 epoch] [114540 iter]	 loss_D: 0.664 	 loss_G: 1.256	 D(x):0.768 	 D(G(z)): 0.309 / 0.309
[48/100 epoch] [115040 iter]	 loss_D: 0.631 	 loss_G: 1.603	 D(x):0.720 	 D(G(z)): 0.231 / 0.231
[48/100 epoch] [115540 iter]	 loss_D: 0.634 	 loss_G: 1.604	 D(x):0.720 	 D(G(z)): 0.231 / 0.231
[48/100 epoch] [116040 iter]	 loss_D: 0.616 	 loss_G: 1.613	 D(x):0.736 	 D(G(z)): 0.233 / 0.233
[48/100 epoch] [116540 iter]	 loss_D: 0.709 	 loss_G: 1.523	 D(x):0.711 	 D(G(z)): 0.273 / 0.273
	Training at epoch-47 | avg. netD loss: 0.702 | avg. netG loss 1.430
	Run time per epoch: 2m 48s
[49/100 epoch] [116977 iter]	 loss_D: 0.343 	 loss_G: 1.392	 D(x):0.990 	 D(G(z)): 0.273 / 0.273
[49/100 epoch] [117477 iter]	 loss_D: 0.490 	 loss_G: 1.394	 D(x):0.879 	 D(G(z)): 0.284 / 0.284
[49/100 epoch] [117977 iter]	 loss_D: 0.520 	 loss_G: 1.372	 D(x):0.859 	 D(G(z)): 0.291 / 0.291
[49/100 epoch] [118477 iter]	 loss_D: 0.639 	 loss_G: 1.286	 D(x):0.785 	 D(G(z)): 0.305 / 0.305
[49/100 epoch] [118977 iter]	 loss_D: 0.668 	 loss_G: 1.284	 D(x):0.778 	 D(G(z)): 0.313 / 0.313
	Training at epoch-48 | avg. netD loss: 0.697 | avg. netG loss 1.437
	Run time per epoch: 2m 49s
[50/100 epoch] [119414 iter]	 loss_D: 0.542 	 loss_G: 1.502	 D(x):0.807 	 D(G(z)): 0.252 / 0.252
[50/100 epoch] [119914 iter]	 loss_D: 0.771 	 loss_G: 1.577	 D(x):0.632 	 D(G(z)): 0.234 / 0.234
[50/100 epoch] [120414 iter]	 loss_D: 0.663 	 loss_G: 1.564	 D(x):0.695 	 D(G(z)): 0.231 / 0.231
[50/100 epoch] [120914 iter]	 loss_D: 0.719 	 loss_G: 1.494	 D(x):0.691 	 D(G(z)): 0.266 / 0.266
[50/100 epoch] [121414 iter]	 loss_D: 0.683 	 loss_G: 1.550	 D(x):0.696 	 D(G(z)): 0.239 / 0.239
	Training at epoch-49 | avg. netD loss: 0.703 | avg. netG loss 1.428
	Run time per epoch: 2m 49s
[51/100 epoch] [121851 iter]	 loss_D: 0.606 	 loss_G: 1.477	 D(x):0.767 	 D(G(z)): 0.256 / 0.256
[51/100 epoch] [122351 iter]	 loss_D: 0.872 	 loss_G: 1.063	 D(x):0.724 	 D(G(z)): 0.389 / 0.389
[51/100 epoch] [122851 iter]	 loss_D: 0.909 	 loss_G: 1.484	 D(x):0.582 	 D(G(z)): 0.256 / 0.256
[51/100 epoch] [123351 iter]	 loss_D: 0.570 	 loss_G: 1.467	 D(x):0.780 	 D(G(z)): 0.257 / 0.257
[51/100 epoch] [123851 iter]	 loss_D: 0.760 	 loss_G: 1.331	 D(x):0.700 	 D(G(z)): 0.300 / 0.300
	Training at epoch-50 | avg. netD loss: 0.699 | avg. netG loss 1.430
	Run time per epoch: 2m 49s
[52/100 epoch] [124288 iter]	 loss_D: 0.417 	 loss_G: 1.565	 D(x):0.914 	 D(G(z)): 0.257 / 0.257
[52/100 epoch] [124788 iter]	 loss_D: 0.769 	 loss_G: 1.478	 D(x):0.654 	 D(G(z)): 0.259 / 0.259
[52/100 epoch] [125288 iter]	 loss_D: 0.597 	 loss_G: 1.501	 D(x):0.769 	 D(G(z)): 0.256 / 0.256
[52/100 epoch] [125788 iter]	 loss_D: 0.781 	 loss_G: 1.353	 D(x):0.681 	 D(G(z)): 0.294 / 0.294
[52/100 epoch] [126288 iter]	 loss_D: 0.675 	 loss_G: 1.469	 D(x):0.717 	 D(G(z)): 0.259 / 0.259
	Training at epoch-51 | avg. netD loss: 0.703 | avg. netG loss 1.429
	Run time per epoch: 2m 49s
[53/100 epoch] [126725 iter]	 loss_D: 0.745 	 loss_G: 1.377	 D(x):0.701 	 D(G(z)): 0.292 / 0.292
[53/100 epoch] [127225 iter]	 loss_D: 0.673 	 loss_G: 1.462	 D(x):0.730 	 D(G(z)): 0.271 / 0.271
[53/100 epoch] [127725 iter]	 loss_D: 0.837 	 loss_G: 1.405	 D(x):0.649 	 D(G(z)): 0.279 / 0.279
[53/100 epoch] [128225 iter]	 loss_D: 0.678 	 loss_G: 1.432	 D(x):0.732 	 D(G(z)): 0.278 / 0.278
[53/100 epoch] [128725 iter]	 loss_D: 0.674 	 loss_G: 1.633	 D(x):0.685 	 D(G(z)): 0.226 / 0.226
	Training at epoch-52 | avg. netD loss: 0.699 | avg. netG loss 1.431
	Run time per epoch: 2m 49s
[54/100 epoch] [129162 iter]	 loss_D: 0.732 	 loss_G: 1.435	 D(x):0.697 	 D(G(z)): 0.268 / 0.268
[54/100 epoch] [129662 iter]	 loss_D: 0.847 	 loss_G: 1.278	 D(x):0.666 	 D(G(z)): 0.308 / 0.308
[54/100 epoch] [130162 iter]	 loss_D: 0.898 	 loss_G: 1.229	 D(x):0.637 	 D(G(z)): 0.320 / 0.320
[54/100 epoch] [130662 iter]	 loss_D: 0.376 	 loss_G: 1.499	 D(x):0.933 	 D(G(z)): 0.253 / 0.253
[54/100 epoch] [131162 iter]	 loss_D: 0.840 	 loss_G: 1.365	 D(x):0.661 	 D(G(z)): 0.300 / 0.300
	Training at epoch-53 | avg. netD loss: 0.703 | avg. netG loss 1.432
	Run time per epoch: 2m 48s
[55/100 epoch] [131599 iter]	 loss_D: 0.684 	 loss_G: 1.254	 D(x):0.781 	 D(G(z)): 0.328 / 0.328
[55/100 epoch] [132099 iter]	 loss_D: 0.766 	 loss_G: 1.053	 D(x):0.804 	 D(G(z)): 0.384 / 0.384
[55/100 epoch] [132599 iter]	 loss_D: 0.700 	 loss_G: 1.498	 D(x):0.693 	 D(G(z)): 0.251 / 0.251
[55/100 epoch] [133099 iter]	 loss_D: 0.722 	 loss_G: 1.326	 D(x):0.725 	 D(G(z)): 0.296 / 0.296
[55/100 epoch] [133599 iter]	 loss_D: 0.590 	 loss_G: 1.521	 D(x):0.773 	 D(G(z)): 0.256 / 0.256
	Training at epoch-54 | avg. netD loss: 0.702 | avg. netG loss 1.428
	Run time per epoch: 2m 49s
[56/100 epoch] [134036 iter]	 loss_D: 0.722 	 loss_G: 1.444	 D(x):0.692 	 D(G(z)): 0.265 / 0.265
[56/100 epoch] [134536 iter]	 loss_D: 0.745 	 loss_G: 1.458	 D(x):0.679 	 D(G(z)): 0.267 / 0.267
[56/100 epoch] [135036 iter]	 loss_D: 0.736 	 loss_G: 1.422	 D(x):0.693 	 D(G(z)): 0.273 / 0.273
[56/100 epoch] [135536 iter]	 loss_D: 0.541 	 loss_G: 1.367	 D(x):0.831 	 D(G(z)): 0.282 / 0.282
[56/100 epoch] [136036 iter]	 loss_D: 0.605 	 loss_G: 1.707	 D(x):0.725 	 D(G(z)): 0.217 / 0.217
	Training at epoch-55 | avg. netD loss: 0.701 | avg. netG loss 1.429
	Run time per epoch: 2m 49s
[57/100 epoch] [136473 iter]	 loss_D: 0.790 	 loss_G: 1.399	 D(x):0.666 	 D(G(z)): 0.281 / 0.281
[57/100 epoch] [136973 iter]	 loss_D: 0.709 	 loss_G: 1.314	 D(x):0.749 	 D(G(z)): 0.310 / 0.310
[57/100 epoch] [137473 iter]	 loss_D: 0.852 	 loss_G: 1.340	 D(x):0.648 	 D(G(z)): 0.302 / 0.302
[57/100 epoch] [137973 iter]	 loss_D: 0.849 	 loss_G: 1.448	 D(x):0.617 	 D(G(z)): 0.271 / 0.271
[57/100 epoch] [138473 iter]	 loss_D: 0.675 	 loss_G: 1.386	 D(x):0.746 	 D(G(z)): 0.289 / 0.289
	Training at epoch-56 | avg. netD loss: 0.702 | avg. netG loss 1.430
	Run time per epoch: 2m 48s
[58/100 epoch] [138910 iter]	 loss_D: 0.625 	 loss_G: 1.514	 D(x):0.773 	 D(G(z)): 0.256 / 0.256
[58/100 epoch] [139410 iter]	 loss_D: 0.656 	 loss_G: 1.240	 D(x):0.798 	 D(G(z)): 0.325 / 0.325
[58/100 epoch] [139910 iter]	 loss_D: 0.781 	 loss_G: 1.559	 D(x):0.645 	 D(G(z)): 0.249 / 0.249
[58/100 epoch] [140410 iter]	 loss_D: 0.720 	 loss_G: 1.364	 D(x):0.706 	 D(G(z)): 0.282 / 0.282
[58/100 epoch] [140910 iter]	 loss_D: 0.439 	 loss_G: 1.472	 D(x):0.869 	 D(G(z)): 0.248 / 0.248
	Training at epoch-57 | avg. netD loss: 0.702 | avg. netG loss 1.428
	Run time per epoch: 2m 49s
[59/100 epoch] [141347 iter]	 loss_D: 0.339 	 loss_G: 1.434	 D(x):0.979 	 D(G(z)): 0.263 / 0.263
[59/100 epoch] [141847 iter]	 loss_D: 0.679 	 loss_G: 1.436	 D(x):0.728 	 D(G(z)): 0.273 / 0.273
[59/100 epoch] [142347 iter]	 loss_D: 0.720 	 loss_G: 1.379	 D(x):0.701 	 D(G(z)): 0.280 / 0.280
[59/100 epoch] [142847 iter]	 loss_D: 0.726 	 loss_G: 1.638	 D(x):0.660 	 D(G(z)): 0.229 / 0.229
[59/100 epoch] [143347 iter]	 loss_D: 0.622 	 loss_G: 1.389	 D(x):0.767 	 D(G(z)): 0.276 / 0.276
	Training at epoch-58 | avg. netD loss: 0.696 | avg. netG loss 1.434
	Run time per epoch: 2m 49s
[60/100 epoch] [143784 iter]	 loss_D: 0.590 	 loss_G: 1.283	 D(x):0.828 	 D(G(z)): 0.310 / 0.310
[60/100 epoch] [144284 iter]	 loss_D: 0.647 	 loss_G: 1.619	 D(x):0.714 	 D(G(z)): 0.232 / 0.232
[60/100 epoch] [144784 iter]	 loss_D: 0.665 	 loss_G: 1.483	 D(x):0.719 	 D(G(z)): 0.256 / 0.256
[60/100 epoch] [145284 iter]	 loss_D: 0.807 	 loss_G: 1.266	 D(x):0.685 	 D(G(z)): 0.311 / 0.311
[60/100 epoch] [145784 iter]	 loss_D: 0.481 	 loss_G: 1.385	 D(x):0.891 	 D(G(z)): 0.286 / 0.286
	Training at epoch-59 | avg. netD loss: 0.702 | avg. netG loss 1.432
	Run time per epoch: 2m 48s
[61/100 epoch] [146221 iter]	 loss_D: 0.641 	 loss_G: 1.426	 D(x):0.744 	 D(G(z)): 0.266 / 0.266
[61/100 epoch] [146721 iter]	 loss_D: 0.766 	 loss_G: 1.388	 D(x):0.683 	 D(G(z)): 0.284 / 0.284
[61/100 epoch] [147221 iter]	 loss_D: 0.731 	 loss_G: 1.574	 D(x):0.678 	 D(G(z)): 0.253 / 0.253
[61/100 epoch] [147721 iter]	 loss_D: 0.712 	 loss_G: 1.474	 D(x):0.688 	 D(G(z)): 0.253 / 0.253
[61/100 epoch] [148221 iter]	 loss_D: 0.761 	 loss_G: 1.575	 D(x):0.641 	 D(G(z)): 0.242 / 0.242
	Training at epoch-60 | avg. netD loss: 0.704 | avg. netG loss 1.430
	Run time per epoch: 2m 48s
[62/100 epoch] [148658 iter]	 loss_D: 0.711 	 loss_G: 1.487	 D(x):0.703 	 D(G(z)): 0.263 / 0.263
[62/100 epoch] [149158 iter]	 loss_D: 0.644 	 loss_G: 1.480	 D(x):0.749 	 D(G(z)): 0.265 / 0.265
[62/100 epoch] [149658 iter]	 loss_D: 0.607 	 loss_G: 1.368	 D(x):0.785 	 D(G(z)): 0.283 / 0.283
[62/100 epoch] [150158 iter]	 loss_D: 0.855 	 loss_G: 1.490	 D(x):0.606 	 D(G(z)): 0.260 / 0.260
[62/100 epoch] [150658 iter]	 loss_D: 0.613 	 loss_G: 1.196	 D(x):0.843 	 D(G(z)): 0.331 / 0.331
	Training at epoch-61 | avg. netD loss: 0.701 | avg. netG loss 1.429
	Run time per epoch: 2m 48s
[63/100 epoch] [151095 iter]	 loss_D: 0.754 	 loss_G: 1.431	 D(x):0.676 	 D(G(z)): 0.263 / 0.263
[63/100 epoch] [151595 iter]	 loss_D: 0.506 	 loss_G: 1.490	 D(x):0.838 	 D(G(z)): 0.260 / 0.260
[63/100 epoch] [152095 iter]	 loss_D: 0.600 	 loss_G: 1.452	 D(x):0.754 	 D(G(z)): 0.256 / 0.256
[63/100 epoch] [152595 iter]	 loss_D: 0.773 	 loss_G: 1.655	 D(x):0.645 	 D(G(z)): 0.219 / 0.219
[63/100 epoch] [153095 iter]	 loss_D: 0.625 	 loss_G: 1.421	 D(x):0.758 	 D(G(z)): 0.270 / 0.270
	Training at epoch-62 | avg. netD loss: 0.701 | avg. netG loss 1.427
	Run time per epoch: 2m 48s
[64/100 epoch] [153532 iter]	 loss_D: 0.707 	 loss_G: 1.466	 D(x):0.697 	 D(G(z)): 0.262 / 0.262
[64/100 epoch] [154032 iter]	 loss_D: 0.473 	 loss_G: 1.422	 D(x):0.870 	 D(G(z)): 0.271 / 0.271
[64/100 epoch] [154532 iter]	 loss_D: 0.899 	 loss_G: 1.339	 D(x):0.609 	 D(G(z)): 0.285 / 0.285
[64/100 epoch] [155032 iter]	 loss_D: 0.752 	 loss_G: 1.377	 D(x):0.697 	 D(G(z)): 0.288 / 0.288
[64/100 epoch] [155532 iter]	 loss_D: 0.528 	 loss_G: 1.336	 D(x):0.859 	 D(G(z)): 0.293 / 0.293
	Training at epoch-63 | avg. netD loss: 0.701 | avg. netG loss 1.430
	Run time per epoch: 2m 49s
[65/100 epoch] [155969 iter]	 loss_D: 0.817 	 loss_G: 1.316	 D(x):0.674 	 D(G(z)): 0.305 / 0.305
[65/100 epoch] [156469 iter]	 loss_D: 0.912 	 loss_G: 1.366	 D(x):0.606 	 D(G(z)): 0.291 / 0.291
[65/100 epoch] [156969 iter]	 loss_D: 0.686 	 loss_G: 1.334	 D(x):0.745 	 D(G(z)): 0.297 / 0.297
[65/100 epoch] [157469 iter]	 loss_D: 0.674 	 loss_G: 1.634	 D(x):0.713 	 D(G(z)): 0.231 / 0.231
[65/100 epoch] [157969 iter]	 loss_D: 0.672 	 loss_G: 1.558	 D(x):0.706 	 D(G(z)): 0.244 / 0.244
	Training at epoch-64 | avg. netD loss: 0.702 | avg. netG loss 1.428
	Run time per epoch: 2m 49s
[66/100 epoch] [158406 iter]	 loss_D: 0.529 	 loss_G: 1.448	 D(x):0.830 	 D(G(z)): 0.269 / 0.269
[66/100 epoch] [158906 iter]	 loss_D: 0.610 	 loss_G: 1.338	 D(x):0.817 	 D(G(z)): 0.312 / 0.312
[66/100 epoch] [159406 iter]	 loss_D: 0.599 	 loss_G: 1.400	 D(x):0.796 	 D(G(z)): 0.274 / 0.274
[66/100 epoch] [159906 iter]	 loss_D: 0.683 	 loss_G: 1.419	 D(x):0.738 	 D(G(z)): 0.282 / 0.282
[66/100 epoch] [160406 iter]	 loss_D: 0.700 	 loss_G: 1.530	 D(x):0.697 	 D(G(z)): 0.248 / 0.248
	Training at epoch-65 | avg. netD loss: 0.701 | avg. netG loss 1.433
	Run time per epoch: 2m 49s
[67/100 epoch] [160843 iter]	 loss_D: 0.685 	 loss_G: 1.633	 D(x):0.689 	 D(G(z)): 0.234 / 0.234
[67/100 epoch] [161343 iter]	 loss_D: 0.627 	 loss_G: 1.548	 D(x):0.732 	 D(G(z)): 0.244 / 0.244
[67/100 epoch] [161843 iter]	 loss_D: 0.903 	 loss_G: 1.352	 D(x):0.627 	 D(G(z)): 0.304 / 0.304
[67/100 epoch] [162343 iter]	 loss_D: 0.620 	 loss_G: 1.412	 D(x):0.767 	 D(G(z)): 0.272 / 0.272
[67/100 epoch] [162843 iter]	 loss_D: 0.855 	 loss_G: 1.551	 D(x):0.601 	 D(G(z)): 0.248 / 0.248
	Training at epoch-66 | avg. netD loss: 0.700 | avg. netG loss 1.433
	Run time per epoch: 2m 48s
[68/100 epoch] [163280 iter]	 loss_D: 0.752 	 loss_G: 1.442	 D(x):0.679 	 D(G(z)): 0.271 / 0.271
[68/100 epoch] [163780 iter]	 loss_D: 0.568 	 loss_G: 1.509	 D(x):0.766 	 D(G(z)): 0.243 / 0.243
[68/100 epoch] [164280 iter]	 loss_D: 0.357 	 loss_G: 1.844	 D(x):0.890 	 D(G(z)): 0.201 / 0.201
[68/100 epoch] [164780 iter]	 loss_D: 0.651 	 loss_G: 1.321	 D(x):0.781 	 D(G(z)): 0.306 / 0.306
[68/100 epoch] [165280 iter]	 loss_D: 0.836 	 loss_G: 1.560	 D(x):0.611 	 D(G(z)): 0.248 / 0.248
	Training at epoch-67 | avg. netD loss: 0.702 | avg. netG loss 1.434
	Run time per epoch: 2m 48s
[69/100 epoch] [165717 iter]	 loss_D: 0.767 	 loss_G: 1.473	 D(x):0.663 	 D(G(z)): 0.264 / 0.264
[69/100 epoch] [166217 iter]	 loss_D: 0.636 	 loss_G: 1.468	 D(x):0.752 	 D(G(z)): 0.266 / 0.266
[69/100 epoch] [166717 iter]	 loss_D: 0.571 	 loss_G: 1.448	 D(x):0.797 	 D(G(z)): 0.264 / 0.264
[69/100 epoch] [167217 iter]	 loss_D: 0.742 	 loss_G: 1.538	 D(x):0.658 	 D(G(z)): 0.244 / 0.244
[69/100 epoch] [167717 iter]	 loss_D: 0.857 	 loss_G: 1.333	 D(x):0.640 	 D(G(z)): 0.299 / 0.299
	Training at epoch-68 | avg. netD loss: 0.703 | avg. netG loss 1.432
	Run time per epoch: 2m 48s
[70/100 epoch] [168154 iter]	 loss_D: 0.814 	 loss_G: 1.383	 D(x):0.669 	 D(G(z)): 0.297 / 0.297
[70/100 epoch] [168654 iter]	 loss_D: 0.776 	 loss_G: 1.542	 D(x):0.664 	 D(G(z)): 0.256 / 0.256
[70/100 epoch] [169154 iter]	 loss_D: 0.467 	 loss_G: 1.633	 D(x):0.847 	 D(G(z)): 0.238 / 0.238
[70/100 epoch] [169654 iter]	 loss_D: 0.529 	 loss_G: 1.663	 D(x):0.776 	 D(G(z)): 0.220 / 0.220
[70/100 epoch] [170154 iter]	 loss_D: 0.757 	 loss_G: 1.242	 D(x):0.723 	 D(G(z)): 0.322 / 0.322
	Training at epoch-69 | avg. netD loss: 0.704 | avg. netG loss 1.428
	Run time per epoch: 2m 49s
[71/100 epoch] [170591 iter]	 loss_D: 0.789 	 loss_G: 1.422	 D(x):0.677 	 D(G(z)): 0.280 / 0.280
[71/100 epoch] [171091 iter]	 loss_D: 0.712 	 loss_G: 1.657	 D(x):0.665 	 D(G(z)): 0.226 / 0.226
[71/100 epoch] [171591 iter]	 loss_D: 0.670 	 loss_G: 1.385	 D(x):0.756 	 D(G(z)): 0.280 / 0.280
[71/100 epoch] [172091 iter]	 loss_D: 0.685 	 loss_G: 1.377	 D(x):0.721 	 D(G(z)): 0.279 / 0.279
[71/100 epoch] [172591 iter]	 loss_D: 0.735 	 loss_G: 1.333	 D(x):0.698 	 D(G(z)): 0.288 / 0.288
	Training at epoch-70 | avg. netD loss: 0.700 | avg. netG loss 1.431
	Run time per epoch: 2m 48s
[72/100 epoch] [173028 iter]	 loss_D: 0.690 	 loss_G: 1.429	 D(x):0.706 	 D(G(z)): 0.263 / 0.263
[72/100 epoch] [173528 iter]	 loss_D: 0.768 	 loss_G: 1.557	 D(x):0.638 	 D(G(z)): 0.235 / 0.235
[72/100 epoch] [174028 iter]	 loss_D: 0.650 	 loss_G: 1.623	 D(x):0.699 	 D(G(z)): 0.224 / 0.224
[72/100 epoch] [174528 iter]	 loss_D: 0.632 	 loss_G: 1.595	 D(x):0.746 	 D(G(z)): 0.248 / 0.248
[72/100 epoch] [175028 iter]	 loss_D: 0.821 	 loss_G: 1.442	 D(x):0.628 	 D(G(z)): 0.265 / 0.265
	Training at epoch-71 | avg. netD loss: 0.701 | avg. netG loss 1.430
	Run time per epoch: 2m 48s
[73/100 epoch] [175465 iter]	 loss_D: 0.766 	 loss_G: 1.523	 D(x):0.674 	 D(G(z)): 0.260 / 0.260
[73/100 epoch] [175965 iter]	 loss_D: 0.819 	 loss_G: 1.502	 D(x):0.631 	 D(G(z)): 0.258 / 0.258
[73/100 epoch] [176465 iter]	 loss_D: 0.752 	 loss_G: 1.376	 D(x):0.678 	 D(G(z)): 0.278 / 0.278
[73/100 epoch] [176965 iter]	 loss_D: 0.651 	 loss_G: 1.515	 D(x):0.741 	 D(G(z)): 0.265 / 0.265
[73/100 epoch] [177465 iter]	 loss_D: 0.696 	 loss_G: 1.511	 D(x):0.693 	 D(G(z)): 0.251 / 0.251
	Training at epoch-72 | avg. netD loss: 0.705 | avg. netG loss 1.429
	Run time per epoch: 2m 48s
[74/100 epoch] [177902 iter]	 loss_D: 0.563 	 loss_G: 1.609	 D(x):0.769 	 D(G(z)): 0.236 / 0.236
[74/100 epoch] [178402 iter]	 loss_D: 0.888 	 loss_G: 1.323	 D(x):0.639 	 D(G(z)): 0.306 / 0.306
[74/100 epoch] [178902 iter]	 loss_D: 0.771 	 loss_G: 1.299	 D(x):0.704 	 D(G(z)): 0.304 / 0.304
[74/100 epoch] [179402 iter]	 loss_D: 0.773 	 loss_G: 1.299	 D(x):0.704 	 D(G(z)): 0.305 / 0.305
[74/100 epoch] [179902 iter]	 loss_D: 0.650 	 loss_G: 1.634	 D(x):0.694 	 D(G(z)): 0.223 / 0.223
	Training at epoch-73 | avg. netD loss: 0.700 | avg. netG loss 1.432
	Run time per epoch: 2m 48s
[75/100 epoch] [180339 iter]	 loss_D: 0.739 	 loss_G: 1.372	 D(x):0.682 	 D(G(z)): 0.276 / 0.276
[75/100 epoch] [180839 iter]	 loss_D: 0.814 	 loss_G: 1.417	 D(x):0.647 	 D(G(z)): 0.282 / 0.282
[75/100 epoch] [181339 iter]	 loss_D: 0.670 	 loss_G: 1.349	 D(x):0.741 	 D(G(z)): 0.286 / 0.286
[75/100 epoch] [181839 iter]	 loss_D: 0.501 	 loss_G: 1.363	 D(x):0.870 	 D(G(z)): 0.286 / 0.286
[75/100 epoch] [182339 iter]	 loss_D: 0.914 	 loss_G: 1.290	 D(x):0.622 	 D(G(z)): 0.305 / 0.305
	Training at epoch-74 | avg. netD loss: 0.702 | avg. netG loss 1.431
	Run time per epoch: 2m 48s
[76/100 epoch] [182776 iter]	 loss_D: 0.845 	 loss_G: 1.094	 D(x):0.716 	 D(G(z)): 0.370 / 0.370
[76/100 epoch] [183276 iter]	 loss_D: 0.546 	 loss_G: 1.404	 D(x):0.824 	 D(G(z)): 0.279 / 0.279
[76/100 epoch] [183776 iter]	 loss_D: 0.621 	 loss_G: 1.506	 D(x):0.734 	 D(G(z)): 0.244 / 0.244
[76/100 epoch] [184276 iter]	 loss_D: 0.668 	 loss_G: 1.461	 D(x):0.735 	 D(G(z)): 0.269 / 0.269
[76/100 epoch] [184776 iter]	 loss_D: 0.529 	 loss_G: 1.421	 D(x):0.829 	 D(G(z)): 0.267 / 0.267
	Training at epoch-75 | avg. netD loss: 0.701 | avg. netG loss 1.428
	Run time per epoch: 2m 49s
[77/100 epoch] [185213 iter]	 loss_D: 0.696 	 loss_G: 1.326	 D(x):0.735 	 D(G(z)): 0.294 / 0.294
[77/100 epoch] [185713 iter]	 loss_D: 0.748 	 loss_G: 1.528	 D(x):0.674 	 D(G(z)): 0.255 / 0.255
[77/100 epoch] [186213 iter]	 loss_D: 0.666 	 loss_G: 1.570	 D(x):0.702 	 D(G(z)): 0.236 / 0.236
[77/100 epoch] [186713 iter]	 loss_D: 0.635 	 loss_G: 1.434	 D(x):0.757 	 D(G(z)): 0.276 / 0.276
[77/100 epoch] [187213 iter]	 loss_D: 0.830 	 loss_G: 1.266	 D(x):0.690 	 D(G(z)): 0.324 / 0.324
	Training at epoch-76 | avg. netD loss: 0.702 | avg. netG loss 1.430
	Run time per epoch: 2m 49s
[78/100 epoch] [187650 iter]	 loss_D: 0.605 	 loss_G: 1.582	 D(x):0.739 	 D(G(z)): 0.240 / 0.240
[78/100 epoch] [188150 iter]	 loss_D: 0.790 	 loss_G: 1.297	 D(x):0.678 	 D(G(z)): 0.301 / 0.301
[78/100 epoch] [188650 iter]	 loss_D: 0.477 	 loss_G: 1.444	 D(x):0.863 	 D(G(z)): 0.267 / 0.267
[78/100 epoch] [189150 iter]	 loss_D: 0.750 	 loss_G: 1.253	 D(x):0.724 	 D(G(z)): 0.315 / 0.315
[78/100 epoch] [189650 iter]	 loss_D: 0.756 	 loss_G: 1.412	 D(x):0.695 	 D(G(z)): 0.291 / 0.291
	Training at epoch-77 | avg. netD loss: 0.703 | avg. netG loss 1.430
	Run time per epoch: 2m 48s
[79/100 epoch] [190087 iter]	 loss_D: 0.481 	 loss_G: 1.352	 D(x):0.911 	 D(G(z)): 0.306 / 0.306
[79/100 epoch] [190587 iter]	 loss_D: 0.757 	 loss_G: 1.450	 D(x):0.684 	 D(G(z)): 0.276 / 0.276
[79/100 epoch] [191087 iter]	 loss_D: 0.640 	 loss_G: 1.512	 D(x):0.737 	 D(G(z)): 0.255 / 0.255
[79/100 epoch] [191587 iter]	 loss_D: 0.679 	 loss_G: 1.572	 D(x):0.697 	 D(G(z)): 0.233 / 0.233
[79/100 epoch] [192087 iter]	 loss_D: 0.720 	 loss_G: 1.477	 D(x):0.688 	 D(G(z)): 0.267 / 0.267
	Training at epoch-78 | avg. netD loss: 0.702 | avg. netG loss 1.435
	Run time per epoch: 2m 48s
[80/100 epoch] [192524 iter]	 loss_D: 0.697 	 loss_G: 1.465	 D(x):0.703 	 D(G(z)): 0.265 / 0.265
[80/100 epoch] [193024 iter]	 loss_D: 0.648 	 loss_G: 1.384	 D(x):0.770 	 D(G(z)): 0.297 / 0.297
[80/100 epoch] [193524 iter]	 loss_D: 0.673 	 loss_G: 1.575	 D(x):0.703 	 D(G(z)): 0.247 / 0.247
[80/100 epoch] [194024 iter]	 loss_D: 0.763 	 loss_G: 1.533	 D(x):0.654 	 D(G(z)): 0.250 / 0.250
[80/100 epoch] [194524 iter]	 loss_D: 0.680 	 loss_G: 1.368	 D(x):0.751 	 D(G(z)): 0.297 / 0.297
	Training at epoch-79 | avg. netD loss: 0.703 | avg. netG loss 1.434
	Run time per epoch: 2m 48s
[81/100 epoch] [194961 iter]	 loss_D: 0.709 	 loss_G: 1.281	 D(x):0.738 	 D(G(z)): 0.303 / 0.303
[81/100 epoch] [195461 iter]	 loss_D: 0.388 	 loss_G: 1.552	 D(x):0.909 	 D(G(z)): 0.241 / 0.241
[81/100 epoch] [195961 iter]	 loss_D: 0.515 	 loss_G: 1.559	 D(x):0.817 	 D(G(z)): 0.249 / 0.249
[81/100 epoch] [196461 iter]	 loss_D: 0.719 	 loss_G: 1.279	 D(x):0.732 	 D(G(z)): 0.308 / 0.308
[81/100 epoch] [196961 iter]	 loss_D: 0.645 	 loss_G: 1.389	 D(x):0.757 	 D(G(z)): 0.280 / 0.280
	Training at epoch-80 | avg. netD loss: 0.698 | avg. netG loss 1.436
	Run time per epoch: 2m 49s
[82/100 epoch] [197398 iter]	 loss_D: 0.705 	 loss_G: 1.495	 D(x):0.677 	 D(G(z)): 0.244 / 0.244
[82/100 epoch] [197898 iter]	 loss_D: 0.738 	 loss_G: 1.344	 D(x):0.702 	 D(G(z)): 0.289 / 0.289
[82/100 epoch] [198398 iter]	 loss_D: 0.830 	 loss_G: 1.374	 D(x):0.670 	 D(G(z)): 0.297 / 0.297
[82/100 epoch] [198898 iter]	 loss_D: 0.589 	 loss_G: 1.368	 D(x):0.826 	 D(G(z)): 0.301 / 0.301
[82/100 epoch] [199398 iter]	 loss_D: 0.589 	 loss_G: 1.533	 D(x):0.744 	 D(G(z)): 0.236 / 0.236
	Training at epoch-81 | avg. netD loss: 0.702 | avg. netG loss 1.433
	Run time per epoch: 2m 49s
[83/100 epoch] [199835 iter]	 loss_D: 0.566 	 loss_G: 1.394	 D(x):0.824 	 D(G(z)): 0.286 / 0.286
[83/100 epoch] [200335 iter]	 loss_D: 0.597 	 loss_G: 1.331	 D(x):0.811 	 D(G(z)): 0.300 / 0.300
[83/100 epoch] [200835 iter]	 loss_D: 0.789 	 loss_G: 1.438	 D(x):0.663 	 D(G(z)): 0.272 / 0.272
[83/100 epoch] [201335 iter]	 loss_D: 0.641 	 loss_G: 1.653	 D(x):0.697 	 D(G(z)): 0.220 / 0.220
[83/100 epoch] [201835 iter]	 loss_D: 0.886 	 loss_G: 1.396	 D(x):0.611 	 D(G(z)): 0.278 / 0.278
	Training at epoch-82 | avg. netD loss: 0.702 | avg. netG loss 1.429
	Run time per epoch: 2m 48s
[84/100 epoch] [202272 iter]	 loss_D: 0.659 	 loss_G: 1.315	 D(x):0.771 	 D(G(z)): 0.301 / 0.301
[84/100 epoch] [202772 iter]	 loss_D: 0.726 	 loss_G: 1.394	 D(x):0.703 	 D(G(z)): 0.280 / 0.280
[84/100 epoch] [203272 iter]	 loss_D: 0.469 	 loss_G: 1.454	 D(x):0.863 	 D(G(z)): 0.262 / 0.262
[84/100 epoch] [203772 iter]	 loss_D: 0.480 	 loss_G: 1.633	 D(x):0.825 	 D(G(z)): 0.233 / 0.233
[84/100 epoch] [204272 iter]	 loss_D: 0.495 	 loss_G: 1.596	 D(x):0.814 	 D(G(z)): 0.234 / 0.234
	Training at epoch-83 | avg. netD loss: 0.702 | avg. netG loss 1.432
	Run time per epoch: 2m 49s
[85/100 epoch] [204709 iter]	 loss_D: 0.659 	 loss_G: 1.273	 D(x):0.780 	 D(G(z)): 0.313 / 0.313
[85/100 epoch] [205209 iter]	 loss_D: 0.756 	 loss_G: 1.401	 D(x):0.692 	 D(G(z)): 0.281 / 0.281
[85/100 epoch] [205709 iter]	 loss_D: 0.516 	 loss_G: 1.302	 D(x):0.870 	 D(G(z)): 0.298 / 0.298
[85/100 epoch] [206209 iter]	 loss_D: 0.800 	 loss_G: 1.396	 D(x):0.664 	 D(G(z)): 0.285 / 0.285
[85/100 epoch] [206709 iter]	 loss_D: 0.746 	 loss_G: 1.394	 D(x):0.698 	 D(G(z)): 0.276 / 0.276
	Training at epoch-84 | avg. netD loss: 0.699 | avg. netG loss 1.429
	Run time per epoch: 2m 49s
[86/100 epoch] [207146 iter]	 loss_D: 0.920 	 loss_G: 1.331	 D(x):0.619 	 D(G(z)): 0.309 / 0.309
[86/100 epoch] [207646 iter]	 loss_D: 0.853 	 loss_G: 1.516	 D(x):0.600 	 D(G(z)): 0.248 / 0.248
[86/100 epoch] [208146 iter]	 loss_D: 0.649 	 loss_G: 1.422	 D(x):0.756 	 D(G(z)): 0.273 / 0.273
[86/100 epoch] [208646 iter]	 loss_D: 0.719 	 loss_G: 1.414	 D(x):0.698 	 D(G(z)): 0.271 / 0.271
[86/100 epoch] [209146 iter]	 loss_D: 0.769 	 loss_G: 1.489	 D(x):0.662 	 D(G(z)): 0.265 / 0.265
	Training at epoch-85 | avg. netD loss: 0.702 | avg. netG loss 1.431
	Run time per epoch: 2m 49s
[87/100 epoch] [209583 iter]	 loss_D: 0.710 	 loss_G: 1.622	 D(x):0.684 	 D(G(z)): 0.248 / 0.248
[87/100 epoch] [210083 iter]	 loss_D: 0.292 	 loss_G: 1.546	 D(x):0.987 	 D(G(z)): 0.236 / 0.236
[87/100 epoch] [210583 iter]	 loss_D: 0.562 	 loss_G: 1.396	 D(x):0.830 	 D(G(z)): 0.289 / 0.289
[87/100 epoch] [211083 iter]	 loss_D: 0.778 	 loss_G: 1.384	 D(x):0.670 	 D(G(z)): 0.284 / 0.284
[87/100 epoch] [211583 iter]	 loss_D: 0.717 	 loss_G: 1.582	 D(x):0.666 	 D(G(z)): 0.237 / 0.237
	Training at epoch-86 | avg. netD loss: 0.702 | avg. netG loss 1.435
	Run time per epoch: 2m 49s
[88/100 epoch] [212020 iter]	 loss_D: 0.688 	 loss_G: 1.677	 D(x):0.664 	 D(G(z)): 0.210 / 0.210
[88/100 epoch] [212520 iter]	 loss_D: 0.873 	 loss_G: 1.354	 D(x):0.637 	 D(G(z)): 0.294 / 0.294
[88/100 epoch] [213020 iter]	 loss_D: 0.630 	 loss_G: 1.357	 D(x):0.759 	 D(G(z)): 0.277 / 0.277
[88/100 epoch] [213520 iter]	 loss_D: 0.936 	 loss_G: 1.368	 D(x):0.584 	 D(G(z)): 0.282 / 0.282
[88/100 epoch] [214020 iter]	 loss_D: 0.712 	 loss_G: 1.474	 D(x):0.697 	 D(G(z)): 0.257 / 0.257
	Training at epoch-87 | avg. netD loss: 0.705 | avg. netG loss 1.432
	Run time per epoch: 2m 49s
[89/100 epoch] [214457 iter]	 loss_D: 0.872 	 loss_G: 1.394	 D(x):0.618 	 D(G(z)): 0.279 / 0.279
[89/100 epoch] [214957 iter]	 loss_D: 0.770 	 loss_G: 1.417	 D(x):0.677 	 D(G(z)): 0.281 / 0.281
[89/100 epoch] [215457 iter]	 loss_D: 0.676 	 loss_G: 1.605	 D(x):0.702 	 D(G(z)): 0.245 / 0.245
[89/100 epoch] [215957 iter]	 loss_D: 0.802 	 loss_G: 1.512	 D(x):0.655 	 D(G(z)): 0.250 / 0.250
[89/100 epoch] [216457 iter]	 loss_D: 0.602 	 loss_G: 1.476	 D(x):0.761 	 D(G(z)): 0.258 / 0.258
	Training at epoch-88 | avg. netD loss: 0.701 | avg. netG loss 1.432
	Run time per epoch: 2m 48s
[90/100 epoch] [216894 iter]	 loss_D: 0.739 	 loss_G: 1.329	 D(x):0.722 	 D(G(z)): 0.304 / 0.304
[90/100 epoch] [217394 iter]	 loss_D: 0.741 	 loss_G: 1.416	 D(x):0.695 	 D(G(z)): 0.279 / 0.279
[90/100 epoch] [217894 iter]	 loss_D: 0.830 	 loss_G: 1.412	 D(x):0.639 	 D(G(z)): 0.284 / 0.284
[90/100 epoch] [218394 iter]	 loss_D: 0.504 	 loss_G: 1.542	 D(x):0.842 	 D(G(z)): 0.253 / 0.253
[90/100 epoch] [218894 iter]	 loss_D: 0.802 	 loss_G: 1.427	 D(x):0.666 	 D(G(z)): 0.287 / 0.287
	Training at epoch-89 | avg. netD loss: 0.702 | avg. netG loss 1.431
	Run time per epoch: 2m 49s
[91/100 epoch] [219331 iter]	 loss_D: 0.902 	 loss_G: 1.112	 D(x):0.677 	 D(G(z)): 0.363 / 0.363
[91/100 epoch] [219831 iter]	 loss_D: 0.677 	 loss_G: 1.539	 D(x):0.710 	 D(G(z)): 0.251 / 0.251
[91/100 epoch] [220331 iter]	 loss_D: 0.518 	 loss_G: 1.483	 D(x):0.833 	 D(G(z)): 0.260 / 0.260
[91/100 epoch] [220831 iter]	 loss_D: 0.581 	 loss_G: 1.187	 D(x):0.861 	 D(G(z)): 0.332 / 0.332
[91/100 epoch] [221331 iter]	 loss_D: 0.730 	 loss_G: 1.363	 D(x):0.705 	 D(G(z)): 0.282 / 0.282
	Training at epoch-90 | avg. netD loss: 0.703 | avg. netG loss 1.431
	Run time per epoch: 2m 48s
[92/100 epoch] [221768 iter]	 loss_D: 0.957 	 loss_G: 0.954	 D(x):0.723 	 D(G(z)): 0.425 / 0.425
[92/100 epoch] [222268 iter]	 loss_D: 0.682 	 loss_G: 1.598	 D(x):0.691 	 D(G(z)): 0.226 / 0.226
[92/100 epoch] [222768 iter]	 loss_D: 0.733 	 loss_G: 1.599	 D(x):0.669 	 D(G(z)): 0.242 / 0.242
[92/100 epoch] [223268 iter]	 loss_D: 0.557 	 loss_G: 1.500	 D(x):0.801 	 D(G(z)): 0.261 / 0.261
[92/100 epoch] [223768 iter]	 loss_D: 0.783 	 loss_G: 1.537	 D(x):0.643 	 D(G(z)): 0.249 / 0.249
	Training at epoch-91 | avg. netD loss: 0.702 | avg. netG loss 1.437
	Run time per epoch: 2m 48s
[93/100 epoch] [224205 iter]	 loss_D: 0.629 	 loss_G: 1.580	 D(x):0.721 	 D(G(z)): 0.237 / 0.237
[93/100 epoch] [224705 iter]	 loss_D: 0.988 	 loss_G: 1.461	 D(x):0.564 	 D(G(z)): 0.275 / 0.275
[93/100 epoch] [225205 iter]	 loss_D: 0.851 	 loss_G: 1.327	 D(x):0.631 	 D(G(z)): 0.289 / 0.289
[93/100 epoch] [225705 iter]	 loss_D: 0.629 	 loss_G: 1.588	 D(x):0.725 	 D(G(z)): 0.240 / 0.240
[93/100 epoch] [226205 iter]	 loss_D: 0.802 	 loss_G: 1.325	 D(x):0.672 	 D(G(z)): 0.300 / 0.300
	Training at epoch-92 | avg. netD loss: 0.705 | avg. netG loss 1.429
	Run time per epoch: 2m 49s
[94/100 epoch] [226642 iter]	 loss_D: 0.878 	 loss_G: 1.644	 D(x):0.580 	 D(G(z)): 0.223 / 0.223
[94/100 epoch] [227142 iter]	 loss_D: 0.441 	 loss_G: 1.524	 D(x):0.908 	 D(G(z)): 0.252 / 0.252
[94/100 epoch] [227642 iter]	 loss_D: 0.632 	 loss_G: 1.597	 D(x):0.718 	 D(G(z)): 0.233 / 0.233
[94/100 epoch] [228142 iter]	 loss_D: 0.666 	 loss_G: 1.496	 D(x):0.726 	 D(G(z)): 0.255 / 0.255
[94/100 epoch] [228642 iter]	 loss_D: 0.769 	 loss_G: 1.322	 D(x):0.711 	 D(G(z)): 0.313 / 0.313
	Training at epoch-93 | avg. netD loss: 0.703 | avg. netG loss 1.428
	Run time per epoch: 2m 48s
[95/100 epoch] [229079 iter]	 loss_D: 0.683 	 loss_G: 1.513	 D(x):0.703 	 D(G(z)): 0.252 / 0.252
[95/100 epoch] [229579 iter]	 loss_D: 0.862 	 loss_G: 1.284	 D(x):0.645 	 D(G(z)): 0.303 / 0.303
[95/100 epoch] [230079 iter]	 loss_D: 0.906 	 loss_G: 1.433	 D(x):0.594 	 D(G(z)): 0.275 / 0.275
[95/100 epoch] [230579 iter]	 loss_D: 0.840 	 loss_G: 1.498	 D(x):0.608 	 D(G(z)): 0.249 / 0.249
[95/100 epoch] [231079 iter]	 loss_D: 0.756 	 loss_G: 1.757	 D(x):0.640 	 D(G(z)): 0.219 / 0.219
	Training at epoch-94 | avg. netD loss: 0.701 | avg. netG loss 1.432
	Run time per epoch: 2m 49s
[96/100 epoch] [231516 iter]	 loss_D: 0.813 	 loss_G: 1.205	 D(x):0.692 	 D(G(z)): 0.330 / 0.330
[96/100 epoch] [232016 iter]	 loss_D: 0.701 	 loss_G: 1.558	 D(x):0.686 	 D(G(z)): 0.243 / 0.243
[96/100 epoch] [232516 iter]	 loss_D: 0.700 	 loss_G: 1.604	 D(x):0.672 	 D(G(z)): 0.231 / 0.231
[96/100 epoch] [233016 iter]	 loss_D: 0.717 	 loss_G: 1.367	 D(x):0.717 	 D(G(z)): 0.289 / 0.289
[96/100 epoch] [233516 iter]	 loss_D: 0.806 	 loss_G: 1.186	 D(x):0.722 	 D(G(z)): 0.341 / 0.341
	Training at epoch-95 | avg. netD loss: 0.703 | avg. netG loss 1.433
	Run time per epoch: 2m 49s
[97/100 epoch] [233953 iter]	 loss_D: 0.391 	 loss_G: 1.688	 D(x):0.881 	 D(G(z)): 0.221 / 0.221
[97/100 epoch] [234453 iter]	 loss_D: 0.808 	 loss_G: 1.418	 D(x):0.667 	 D(G(z)): 0.287 / 0.287
[97/100 epoch] [234953 iter]	 loss_D: 0.659 	 loss_G: 1.290	 D(x):0.786 	 D(G(z)): 0.315 / 0.315
[97/100 epoch] [235453 iter]	 loss_D: 0.881 	 loss_G: 1.260	 D(x):0.663 	 D(G(z)): 0.325 / 0.325
[97/100 epoch] [235953 iter]	 loss_D: 0.687 	 loss_G: 1.388	 D(x):0.736 	 D(G(z)): 0.283 / 0.283
	Training at epoch-96 | avg. netD loss: 0.701 | avg. netG loss 1.428
	Run time per epoch: 2m 49s
[98/100 epoch] [236390 iter]	 loss_D: 0.558 	 loss_G: 1.360	 D(x):0.837 	 D(G(z)): 0.297 / 0.297
[98/100 epoch] [236890 iter]	 loss_D: 0.561 	 loss_G: 1.581	 D(x):0.774 	 D(G(z)): 0.241 / 0.241
[98/100 epoch] [237390 iter]	 loss_D: 0.657 	 loss_G: 1.434	 D(x):0.758 	 D(G(z)): 0.291 / 0.291
[98/100 epoch] [237890 iter]	 loss_D: 0.814 	 loss_G: 1.508	 D(x):0.633 	 D(G(z)): 0.258 / 0.258
[98/100 epoch] [238390 iter]	 loss_D: 0.606 	 loss_G: 1.643	 D(x):0.737 	 D(G(z)): 0.233 / 0.233
	Training at epoch-97 | avg. netD loss: 0.705 | avg. netG loss 1.427
	Run time per epoch: 2m 48s
[99/100 epoch] [238827 iter]	 loss_D: 0.635 	 loss_G: 1.461	 D(x):0.749 	 D(G(z)): 0.263 / 0.263
[99/100 epoch] [239327 iter]	 loss_D: 0.535 	 loss_G: 1.218	 D(x):0.876 	 D(G(z)): 0.319 / 0.319
[99/100 epoch] [239827 iter]	 loss_D: 0.639 	 loss_G: 1.409	 D(x):0.760 	 D(G(z)): 0.274 / 0.274
[99/100 epoch] [240327 iter]	 loss_D: 0.339 	 loss_G: 1.478	 D(x):0.979 	 D(G(z)): 0.259 / 0.259
[99/100 epoch] [240827 iter]	 loss_D: 0.677 	 loss_G: 1.347	 D(x):0.736 	 D(G(z)): 0.288 / 0.288
	Training at epoch-98 | avg. netD loss: 0.699 | avg. netG loss 1.432
	Run time per epoch: 2m 49s
[100/100 epoch] [241264 iter]	 loss_D: 0.532 	 loss_G: 1.619	 D(x):0.789 	 D(G(z)): 0.235 / 0.235
[100/100 epoch] [241764 iter]	 loss_D: 0.767 	 loss_G: 1.550	 D(x):0.651 	 D(G(z)): 0.251 / 0.251
[100/100 epoch] [242264 iter]	 loss_D: 0.693 	 loss_G: 1.420	 D(x):0.706 	 D(G(z)): 0.267 / 0.267
[100/100 epoch] [242764 iter]	 loss_D: 0.637 	 loss_G: 1.357	 D(x):0.766 	 D(G(z)): 0.284 / 0.284
[100/100 epoch] [243264 iter]	 loss_D: 0.670 	 loss_G: 1.601	 D(x):0.695 	 D(G(z)): 0.238 / 0.238
	Training at epoch-99 | avg. netD loss: 0.702 | avg. netG loss 1.429
	Run time per epoch: 2m 48s
